[INFO ]2023-09-09 12:10:18.679 [main]LoggerLoad-Loading Config file
[INFO ]2023-09-09 12:10:18.690 [main]LoggerLoad-Get Browser Type from Properties
[INFO ]2023-09-09 12:10:21.512 [main]LoggerLoad-Intializingchromedriver
[INFO ]2023-09-09 12:10:21.686 [main]LoggerLoad-Closing Driver
[INFO ]2023-09-09 12:15:00.343 [main]LoggerLoad-Loading Config file
[INFO ]2023-09-09 12:15:00.351 [main]LoggerLoad-Get Browser Type from Properties
[INFO ]2023-09-09 12:15:02.542 [main]LoggerLoad-Intializingchromedriver
[INFO ]2023-09-09 12:15:04.160 [main]LoggerLoad-Closing Driver
[INFO ]2023-09-10 11:53:39.159 [main]LoggerLoad-Loading Config file
[INFO ]2023-09-10 11:53:39.171 [main]LoggerLoad-Get Browser Type from Properties
[INFO ]2023-09-10 11:53:44.704 [main]LoggerLoad-Intializingchromedriver
[INFO ]2023-09-10 11:53:45.036 [main]LoggerLoad-Closing Driver
[INFO ]2023-09-10 12:21:08.327 [main]LoggerLoad-Loading Config file
[INFO ]2023-09-10 12:21:08.338 [main]LoggerLoad-Get Browser Type from Properties
[INFO ]2023-09-10 12:21:11.415 [main]LoggerLoad-Intializingchromedriver
[INFO ]2023-09-10 12:21:11.589 [main]LoggerLoad-User lands on Login PAge
[INFO ]2023-09-10 12:21:11.613 [main]LoggerLoad-User lands on Login PAge
[INFO ]2023-09-10 12:21:11.626 [main]LoggerLoad-User lands on Login PAge
[INFO ]2023-09-10 12:21:11.642 [main]LoggerLoad-User lands on Login PAge
[INFO ]2023-09-10 12:21:11.654 [main]LoggerLoad-User lands on Login PAge
[INFO ]2023-09-10 12:21:11.663 [main]LoggerLoad-User lands on Login PAge
[INFO ]2023-09-10 12:21:11.673 [main]LoggerLoad-User lands on Login PAge
[INFO ]2023-09-10 12:21:11.683 [main]LoggerLoad-User lands on Login PAge
[INFO ]2023-09-10 12:21:11.692 [main]LoggerLoad-User lands on Login PAge
[INFO ]2023-09-10 12:21:11.701 [main]LoggerLoad-User lands on Login PAge
[INFO ]2023-09-10 12:21:11.708 [main]LoggerLoad-User lands on Login PAge
[INFO ]2023-09-10 12:21:11.714 [main]LoggerLoad-User lands on Login PAge
[INFO ]2023-09-10 12:21:11.721 [main]LoggerLoad-User lands on Login PAge
[INFO ]2023-09-10 12:21:11.736 [main]LoggerLoad-User lands on Login PAge
[INFO ]2023-09-10 12:21:11.743 [main]LoggerLoad-User lands on Login PAge
[INFO ]2023-09-10 12:21:11.757 [main]LoggerLoad-User lands on Login PAge
[INFO ]2023-09-10 12:21:11.767 [main]LoggerLoad-Closing Driver
[INFO ]2023-09-10 12:22:21.318 [main]LoggerLoad-Loading Config file
[INFO ]2023-09-10 12:22:21.327 [main]LoggerLoad-Get Browser Type from Properties
[INFO ]2023-09-10 12:22:24.082 [main]LoggerLoad-Intializingchromedriver
[INFO ]2023-09-10 12:22:24.254 [main]LoggerLoad-User lands on Login PAge
[INFO ]2023-09-10 12:22:24.278 [main]LoggerLoad-User lands on Login PAge
[INFO ]2023-09-10 12:22:24.289 [main]LoggerLoad-User lands on Login PAge
[INFO ]2023-09-10 12:22:24.303 [main]LoggerLoad-User lands on Login PAge
[INFO ]2023-09-10 12:22:24.317 [main]LoggerLoad-User lands on Login PAge
[INFO ]2023-09-10 12:22:24.329 [main]LoggerLoad-User lands on Login PAge
[INFO ]2023-09-10 12:22:24.339 [main]LoggerLoad-User lands on Login PAge
[INFO ]2023-09-10 12:22:24.350 [main]LoggerLoad-User lands on Login PAge
[INFO ]2023-09-10 12:22:24.362 [main]LoggerLoad-User lands on Login PAge
[INFO ]2023-09-10 12:22:24.369 [main]LoggerLoad-User lands on Login PAge
[INFO ]2023-09-10 12:22:24.378 [main]LoggerLoad-User lands on Login PAge
[INFO ]2023-09-10 12:22:24.385 [main]LoggerLoad-User lands on Login PAge
[INFO ]2023-09-10 12:22:24.393 [main]LoggerLoad-User lands on Login PAge
[INFO ]2023-09-10 12:22:24.399 [main]LoggerLoad-User lands on Login PAge
[INFO ]2023-09-10 12:22:24.406 [main]LoggerLoad-User lands on Login PAge
[INFO ]2023-09-10 12:22:24.415 [main]LoggerLoad-User lands on Login PAge
[INFO ]2023-09-10 12:22:24.424 [main]LoggerLoad-Closing Driver
[INFO ]2023-09-10 12:28:20.388 [main]LoggerLoad-Loading Config file
[INFO ]2023-09-10 12:28:20.401 [main]LoggerLoad-Get Browser Type from Properties
[INFO ]2023-09-10 12:28:23.516 [main]LoggerLoad-Intializingchromedriver
[INFO ]2023-09-10 12:28:23.680 [main]LoggerLoad-User lands on Login PAge
[INFO ]2023-09-10 12:28:23.706 [main]LoggerLoad-User lands on Login PAge
[INFO ]2023-09-10 12:28:23.718 [main]LoggerLoad-User lands on Login PAge
[INFO ]2023-09-10 12:28:23.729 [main]LoggerLoad-User lands on Login PAge
[INFO ]2023-09-10 12:28:23.740 [main]LoggerLoad-User lands on Login PAge
[INFO ]2023-09-10 12:28:23.750 [main]LoggerLoad-User lands on Login PAge
[INFO ]2023-09-10 12:28:23.761 [main]LoggerLoad-User lands on Login PAge
[INFO ]2023-09-10 12:28:23.770 [main]LoggerLoad-User lands on Login PAge
[INFO ]2023-09-10 12:28:23.782 [main]LoggerLoad-User lands on Login PAge
[INFO ]2023-09-10 12:28:23.790 [main]LoggerLoad-User lands on Login PAge
[INFO ]2023-09-10 12:28:23.800 [main]LoggerLoad-User lands on Login PAge
[INFO ]2023-09-10 12:28:23.808 [main]LoggerLoad-User lands on Login PAge
[INFO ]2023-09-10 12:28:23.815 [main]LoggerLoad-User lands on Login PAge
[INFO ]2023-09-10 12:28:23.823 [main]LoggerLoad-User lands on Login PAge
[INFO ]2023-09-10 12:28:23.830 [main]LoggerLoad-User lands on Login PAge
[INFO ]2023-09-10 12:28:23.839 [main]LoggerLoad-User lands on Login PAge
[INFO ]2023-09-10 12:28:23.849 [main]LoggerLoad-Closing Driver
[INFO ]2023-09-10 12:34:35.012 [main]LoggerLoad-Loading Config file
[INFO ]2023-09-10 12:34:35.021 [main]LoggerLoad-Get Browser Type from Properties
[INFO ]2023-09-10 12:34:37.167 [main]LoggerLoad-Intializingchromedriver
[INFO ]2023-09-10 12:34:37.276 [main]LoggerLoad-User lands on Login PAge
[INFO ]2023-09-10 12:34:37.294 [main]LoggerLoad-User lands on Login PAge
[INFO ]2023-09-10 12:34:37.301 [main]LoggerLoad-User lands on Login PAge
[INFO ]2023-09-10 12:34:37.309 [main]LoggerLoad-User lands on Login PAge
[INFO ]2023-09-10 12:34:37.316 [main]LoggerLoad-User lands on Login PAge
[INFO ]2023-09-10 12:34:37.322 [main]LoggerLoad-User lands on Login PAge
[INFO ]2023-09-10 12:34:37.328 [main]LoggerLoad-User lands on Login PAge
[INFO ]2023-09-10 12:34:37.333 [main]LoggerLoad-User lands on Login PAge
[INFO ]2023-09-10 12:34:37.339 [main]LoggerLoad-User lands on Login PAge
[INFO ]2023-09-10 12:34:37.344 [main]LoggerLoad-User lands on Login PAge
[INFO ]2023-09-10 12:34:37.349 [main]LoggerLoad-User lands on Login PAge
[INFO ]2023-09-10 12:34:37.356 [main]LoggerLoad-Closing Driver
[INFO ]2023-09-10 12:46:41.250 [main]LoggerLoad-Loading Config file
[INFO ]2023-09-10 12:46:41.257 [main]LoggerLoad-Get Browser Type from Properties
[INFO ]2023-09-10 12:46:43.384 [main]LoggerLoad-Intializingchromedriver
[INFO ]2023-09-10 12:46:43.490 [main]LoggerLoad-User lands on Login PAge
[INFO ]2023-09-10 12:46:43.538 [main]LoggerLoad-User lands on Login PAge
[INFO ]2023-09-10 12:46:43.548 [main]LoggerLoad-User lands on Login PAge
[INFO ]2023-09-10 12:46:43.557 [main]LoggerLoad-User lands on Login PAge
[INFO ]2023-09-10 12:46:43.569 [main]LoggerLoad-User lands on Login PAge
[INFO ]2023-09-10 12:46:43.580 [main]LoggerLoad-User lands on Login PAge
[INFO ]2023-09-10 12:46:43.591 [main]LoggerLoad-User lands on Login PAge
[INFO ]2023-09-10 12:46:43.602 [main]LoggerLoad-User lands on Login PAge
[INFO ]2023-09-10 12:46:43.614 [main]LoggerLoad-User lands on Login PAge
[INFO ]2023-09-10 12:46:43.625 [main]LoggerLoad-User lands on Login PAge
[INFO ]2023-09-10 12:46:43.632 [main]LoggerLoad-User lands on Login PAge
[INFO ]2023-09-10 12:46:43.638 [main]LoggerLoad-User lands on Login PAge
[INFO ]2023-09-10 12:46:43.643 [main]LoggerLoad-User lands on Login PAge
[INFO ]2023-09-10 12:46:43.650 [main]LoggerLoad-User lands on Login PAge
[INFO ]2023-09-10 12:46:43.655 [main]LoggerLoad-User lands on Login PAge
[INFO ]2023-09-10 12:46:43.662 [main]LoggerLoad-User lands on Login PAge
[INFO ]2023-09-10 12:46:43.672 [main]LoggerLoad-Closing Driver
[INFO ]2023-09-10 21:50:24.391 [main]LoggerLoad-Loading Config file
[INFO ]2023-09-10 21:50:24.409 [main]LoggerLoad-Get Browser Type from Properties
[INFO ]2023-09-10 21:50:29.317 [main]LoggerLoad-Intializingchromedriver
[INFO ]2023-09-10 21:50:29.456 [main]LoggerLoad-User lands on Login PAge
[INFO ]2023-09-10 21:50:29.483 [main]LoggerLoad-User lands on Login PAge
[INFO ]2023-09-10 21:50:29.507 [main]LoggerLoad-User lands on Login PAge
[INFO ]2023-09-10 21:50:29.521 [main]LoggerLoad-User lands on Login PAge
[INFO ]2023-09-10 21:50:29.539 [main]LoggerLoad-User lands on Login PAge
[INFO ]2023-09-10 21:50:29.550 [main]LoggerLoad-User lands on Login PAge
[INFO ]2023-09-10 21:50:29.562 [main]LoggerLoad-User lands on Login PAge
[INFO ]2023-09-10 21:50:29.577 [main]LoggerLoad-User lands on Login PAge
[INFO ]2023-09-10 21:50:29.586 [main]LoggerLoad-User lands on Login PAge
[INFO ]2023-09-10 21:50:29.594 [main]LoggerLoad-User lands on Login PAge
[INFO ]2023-09-10 21:50:29.642 [main]LoggerLoad-User lands on Login PAge
[INFO ]2023-09-10 21:50:29.651 [main]LoggerLoad-User lands on Login PAge
[INFO ]2023-09-10 21:50:29.657 [main]LoggerLoad-User lands on Login PAge
[INFO ]2023-09-10 21:50:29.664 [main]LoggerLoad-User lands on Login PAge
[INFO ]2023-09-10 21:50:29.670 [main]LoggerLoad-User lands on Login PAge
[INFO ]2023-09-10 21:50:29.678 [main]LoggerLoad-User lands on Login PAge
[INFO ]2023-09-10 21:50:29.692 [main]LoggerLoad-Closing Driver
[INFO ]2023-09-11 09:42:54.833 [main]LoggerLoad-Loading Config file
[INFO ]2023-09-11 09:42:54.841 [main]LoggerLoad-Get Browser Type from Properties
[INFO ]2023-09-11 09:42:57.969 [main]LoggerLoad-Intializingchromedriver
[INFO ]2023-09-11 09:42:58.068 [main]LoggerLoad-User lands on Login PAge
[INFO ]2023-09-11 09:42:58.088 [main]LoggerLoad-User lands on Login PAge
[INFO ]2023-09-11 09:42:58.095 [main]LoggerLoad-User lands on Login PAge
[INFO ]2023-09-11 09:42:58.101 [main]LoggerLoad-User lands on Login PAge
[INFO ]2023-09-11 09:42:58.108 [main]LoggerLoad-User lands on Login PAge
[INFO ]2023-09-11 09:42:58.120 [main]LoggerLoad-User lands on Login PAge
[INFO ]2023-09-11 09:42:58.129 [main]LoggerLoad-User lands on Login PAge
[INFO ]2023-09-11 09:42:58.137 [main]LoggerLoad-User lands on Login PAge
[INFO ]2023-09-11 09:42:58.146 [main]LoggerLoad-User lands on Login PAge
[INFO ]2023-09-11 09:42:58.154 [main]LoggerLoad-User lands on Login PAge
[INFO ]2023-09-11 09:42:58.161 [main]LoggerLoad-User lands on Login PAge
[INFO ]2023-09-11 09:42:58.168 [main]LoggerLoad-User lands on Login PAge
[INFO ]2023-09-11 09:42:58.175 [main]LoggerLoad-User lands on Login PAge
[INFO ]2023-09-11 09:42:58.180 [main]LoggerLoad-User lands on Login PAge
[INFO ]2023-09-11 09:42:58.185 [main]LoggerLoad-User lands on Login PAge
[INFO ]2023-09-11 09:42:58.191 [main]LoggerLoad-User lands on Login PAge
[INFO ]2023-09-11 09:42:58.219 [main]LoggerLoad-Closing Driver
[INFO ]2023-09-11 10:30:48.794 [main]LoggerLoad-Loading Config file
[INFO ]2023-09-11 10:30:48.804 [main]LoggerLoad-Get Browser Type from Properties
[INFO ]2023-09-11 10:30:51.561 [main]LoggerLoad-Intializingchromedriver
[INFO ]2023-09-11 10:30:51.722 [main]LoggerLoad-User lands on Login PAge
[INFO ]2023-09-11 10:30:51.743 [main]LoggerLoad-User lands on Login PAge
[INFO ]2023-09-11 10:30:51.754 [main]LoggerLoad-User lands on Login PAge
[INFO ]2023-09-11 10:30:51.765 [main]LoggerLoad-User lands on Login PAge
[INFO ]2023-09-11 10:30:51.778 [main]LoggerLoad-User lands on Login PAge
[INFO ]2023-09-11 10:30:51.788 [main]LoggerLoad-User lands on Login PAge
[INFO ]2023-09-11 10:30:51.796 [main]LoggerLoad-User lands on Login PAge
[INFO ]2023-09-11 10:30:51.804 [main]LoggerLoad-User lands on Login PAge
[INFO ]2023-09-11 10:30:51.813 [main]LoggerLoad-User lands on Login PAge
[INFO ]2023-09-11 10:30:51.822 [main]LoggerLoad-User lands on Login PAge
[INFO ]2023-09-11 10:30:51.832 [main]LoggerLoad-User lands on Login PAge
[INFO ]2023-09-11 10:30:51.841 [main]LoggerLoad-User lands on Login PAge
[INFO ]2023-09-11 10:30:51.852 [main]LoggerLoad-User lands on Login PAge
[INFO ]2023-09-11 10:30:51.866 [main]LoggerLoad-User lands on Login PAge
[INFO ]2023-09-11 10:30:51.878 [main]LoggerLoad-User lands on Login PAge
[INFO ]2023-09-11 10:30:51.893 [main]LoggerLoad-User lands on Login PAge
[INFO ]2023-09-11 10:30:51.904 [main]LoggerLoad-Click Edit button
[INFO ]2023-09-11 10:30:51.910 [main]LoggerLoad-Closing Driver
[INFO ]2023-09-11 11:45:53.666 [main]LoggerLoad-Loading Config file
[INFO ]2023-09-11 11:45:53.676 [main]LoggerLoad-Get Browser Type from Properties
[INFO ]2023-09-11 11:45:57.784 [main]LoggerLoad-Intializingchromedriver
[INFO ]2023-09-11 11:45:58.014 [main]LoggerLoad-User lands on Login PAge
[INFO ]2023-09-11 11:45:58.049 [main]LoggerLoad-User lands on Login PAge
[INFO ]2023-09-11 11:45:58.066 [main]LoggerLoad-User lands on Login PAge
[INFO ]2023-09-11 11:45:58.084 [main]LoggerLoad-User lands on Login PAge
[INFO ]2023-09-11 11:45:58.086 [main]LoggerLoad-Closing Driver
[INFO ]2023-09-11 11:49:18.155 [main]LoggerLoad-Loading Config file
[INFO ]2023-09-11 11:49:18.164 [main]LoggerLoad-Get Browser Type from Properties
[INFO ]2023-09-11 11:49:21.622 [main]LoggerLoad-Intializingchromedriver
[INFO ]2023-09-11 11:49:21.787 [main]LoggerLoad-User lands on Login PAge
[INFO ]2023-09-11 11:49:21.813 [main]LoggerLoad-User lands on Login PAge
[INFO ]2023-09-11 11:49:21.825 [main]LoggerLoad-User lands on Login PAge
[INFO ]2023-09-11 11:49:21.836 [main]LoggerLoad-User lands on Login PAge
[INFO ]2023-09-11 11:49:21.839 [main]LoggerLoad-Closing Driver
[INFO ]2023-09-11 12:03:23.872 [main]LoggerLoad-Loading Config file
[INFO ]2023-09-11 12:03:23.882 [main]LoggerLoad-Get Browser Type from Properties
[INFO ]2023-09-11 12:03:26.607 [main]LoggerLoad-Intializingchromedriver
[INFO ]2023-09-11 12:03:26.790 [main]LoggerLoad-User lands on Login PAge
[INFO ]2023-09-11 12:03:26.816 [main]LoggerLoad-User lands on Login PAge
[INFO ]2023-09-11 12:03:26.829 [main]LoggerLoad-User lands on Login PAge
[INFO ]2023-09-11 12:03:26.842 [main]LoggerLoad-User lands on Login PAge
[INFO ]2023-09-11 12:03:26.846 [main]LoggerLoad-Closing Driver
[INFO ]2023-09-11 12:11:37.231 [main]LoggerLoad-Loading Config file
[INFO ]2023-09-11 12:11:37.241 [main]LoggerLoad-Get Browser Type from Properties
[INFO ]2023-09-11 12:11:40.251 [main]LoggerLoad-Intializingchromedriver
[INFO ]2023-09-11 12:11:40.453 [main]LoggerLoad-User lands on Login PAge
[INFO ]2023-09-11 12:11:40.490 [main]LoggerLoad-User lands on Login PAge
[INFO ]2023-09-11 12:11:40.516 [main]LoggerLoad-User lands on Login PAge
[INFO ]2023-09-11 12:11:40.534 [main]LoggerLoad-User lands on Login PAge
[INFO ]2023-09-11 12:11:40.540 [main]LoggerLoad-Closing Driver
[INFO ]2023-09-11 12:24:09.283 [main]LoggerLoad-Loading Config file
[INFO ]2023-09-11 12:24:09.293 [main]LoggerLoad-Get Browser Type from Properties
[INFO ]2023-09-11 12:24:12.058 [main]LoggerLoad-Intializingchromedriver
[INFO ]2023-09-11 12:24:12.195 [main]LoggerLoad-User lands on Login PAge
[INFO ]2023-09-11 12:24:12.221 [main]LoggerLoad-User lands on Login PAge
[INFO ]2023-09-11 12:24:12.231 [main]LoggerLoad-User lands on Login PAge
[INFO ]2023-09-11 12:24:12.242 [main]LoggerLoad-User lands on Login PAge
[INFO ]2023-09-11 12:24:12.251 [main]LoggerLoad-User lands on Login PAge
[INFO ]2023-09-11 12:24:12.254 [main]LoggerLoad-Closing Driver
[INFO ]2023-09-11 13:25:21.255 [main]LoggerLoad-Loading Config file
[INFO ]2023-09-11 13:25:21.270 [main]LoggerLoad-Get Browser Type from Properties
[INFO ]2023-09-11 13:25:25.008 [main]LoggerLoad-Intializingchromedriver
[INFO ]2023-09-11 13:25:25.145 [main]LoggerLoad-User lands on Login PAge
[INFO ]2023-09-11 13:25:25.172 [main]LoggerLoad-User lands on Login PAge
[INFO ]2023-09-11 13:25:25.184 [main]LoggerLoad-User lands on Login PAge
[INFO ]2023-09-11 13:25:25.193 [main]LoggerLoad-User lands on Login PAge
[INFO ]2023-09-11 13:25:25.204 [main]LoggerLoad-User lands on Login PAge
[INFO ]2023-09-11 13:25:25.256 [main]LoggerLoad-User lands on Login PAge
[INFO ]2023-09-11 13:25:25.267 [main]LoggerLoad-User lands on Login PAge
[INFO ]2023-09-11 13:25:25.277 [main]LoggerLoad-User lands on Login PAge
[INFO ]2023-09-11 13:25:25.286 [main]LoggerLoad-User lands on Login PAge
[INFO ]2023-09-11 13:25:25.295 [main]LoggerLoad-User lands on Login PAge
[INFO ]2023-09-11 13:25:25.305 [main]LoggerLoad-User lands on Login PAge
[INFO ]2023-09-11 13:25:25.309 [main]LoggerLoad-Closing Driver
[INFO ]2023-09-11 13:47:13.171 [main]LoggerLoad-Loading Config file
[INFO ]2023-09-11 13:47:13.181 [main]LoggerLoad-Get Browser Type from Properties
[INFO ]2023-09-11 13:47:16.113 [main]LoggerLoad-Intializingchromedriver
[INFO ]2023-09-11 13:47:16.287 [main]LoggerLoad-User lands on Login PAge
[INFO ]2023-09-11 13:47:16.344 [main]LoggerLoad-User lands on Login PAge
[INFO ]2023-09-11 13:47:16.364 [main]LoggerLoad-User lands on Login PAge
[INFO ]2023-09-11 13:47:16.386 [main]LoggerLoad-User lands on Login PAge
[INFO ]2023-09-11 13:47:16.404 [main]LoggerLoad-User lands on Login PAge
[INFO ]2023-09-11 13:47:16.497 [main]LoggerLoad-User lands on Login PAge
[INFO ]2023-09-11 13:47:16.508 [main]LoggerLoad-User lands on Login PAge
[INFO ]2023-09-11 13:47:16.516 [main]LoggerLoad-User lands on Login PAge
[INFO ]2023-09-11 13:47:16.526 [main]LoggerLoad-User lands on Login PAge
[INFO ]2023-09-11 13:47:16.538 [main]LoggerLoad-User lands on Login PAge
[INFO ]2023-09-11 13:47:16.547 [main]LoggerLoad-User lands on Login PAge
[INFO ]2023-09-11 13:47:16.560 [main]LoggerLoad-User lands on Login PAge
[INFO ]2023-09-11 13:47:16.570 [main]LoggerLoad-User lands on Login PAge
[INFO ]2023-09-11 13:47:16.579 [main]LoggerLoad-User lands on Login PAge
[INFO ]2023-09-11 13:47:16.588 [main]LoggerLoad-User lands on Login PAge
[INFO ]2023-09-11 13:47:16.616 [main]LoggerLoad-User lands on Login PAge
[INFO ]2023-09-11 13:47:16.620 [main]LoggerLoad-Closing Driver
[INFO ]2023-09-11 13:48:22.141 [main]LoggerLoad-Loading Config file
[INFO ]2023-09-11 13:48:22.149 [main]LoggerLoad-Get Browser Type from Properties
[INFO ]2023-09-11 13:48:24.751 [main]LoggerLoad-Intializingchromedriver
[INFO ]2023-09-11 13:48:24.887 [main]LoggerLoad-User lands on Login PAge
[INFO ]2023-09-11 13:48:24.920 [main]LoggerLoad-User lands on Login PAge
[INFO ]2023-09-11 13:48:24.941 [main]LoggerLoad-User lands on Login PAge
[INFO ]2023-09-11 13:48:24.962 [main]LoggerLoad-User lands on Login PAge
[INFO ]2023-09-11 13:48:24.978 [main]LoggerLoad-User lands on Login PAge
[INFO ]2023-09-11 13:48:25.025 [main]LoggerLoad-User lands on Login PAge
[INFO ]2023-09-11 13:48:25.037 [main]LoggerLoad-User lands on Login PAge
[INFO ]2023-09-11 13:48:25.047 [main]LoggerLoad-User lands on Login PAge
[INFO ]2023-09-11 13:48:25.058 [main]LoggerLoad-User lands on Login PAge
[INFO ]2023-09-11 13:48:25.068 [main]LoggerLoad-User lands on Login PAge
[INFO ]2023-09-11 13:48:25.078 [main]LoggerLoad-User lands on Login PAge
[INFO ]2023-09-11 13:48:25.088 [main]LoggerLoad-User lands on Login PAge
[INFO ]2023-09-11 13:48:25.105 [main]LoggerLoad-User lands on Login PAge
[INFO ]2023-09-11 13:48:25.118 [main]LoggerLoad-User lands on Login PAge
[INFO ]2023-09-11 13:48:25.128 [main]LoggerLoad-User lands on Login PAge
[INFO ]2023-09-11 13:48:25.147 [main]LoggerLoad-User lands on Login PAge
[INFO ]2023-09-11 13:48:25.151 [main]LoggerLoad-Closing Driver
[INFO ]2023-09-11 14:10:09.726 [main]LoggerLoad-Loading Config file
[INFO ]2023-09-11 14:10:09.736 [main]LoggerLoad-Get Browser Type from Properties
[INFO ]2023-09-11 14:10:12.788 [main]LoggerLoad-Intializingchromedriver
[INFO ]2023-09-11 14:10:12.969 [main]LoggerLoad-User lands on Login PAge
[INFO ]2023-09-11 14:10:12.994 [main]LoggerLoad-User lands on Login PAge
[INFO ]2023-09-11 14:10:13.007 [main]LoggerLoad-User lands on Login PAge
[INFO ]2023-09-11 14:10:13.021 [main]LoggerLoad-User lands on Login PAge
[INFO ]2023-09-11 14:10:13.032 [main]LoggerLoad-User lands on Login PAge
[INFO ]2023-09-11 14:10:13.086 [main]LoggerLoad-User lands on Login PAge
[INFO ]2023-09-11 14:10:13.098 [main]LoggerLoad-User lands on Login PAge
[INFO ]2023-09-11 14:10:13.110 [main]LoggerLoad-User lands on Login PAge
[INFO ]2023-09-11 14:10:13.125 [main]LoggerLoad-User lands on Login PAge
[INFO ]2023-09-11 14:10:13.139 [main]LoggerLoad-User lands on Login PAge
[INFO ]2023-09-11 14:10:13.149 [main]LoggerLoad-User lands on Login PAge
[INFO ]2023-09-11 14:10:13.158 [main]LoggerLoad-User lands on Login PAge
[INFO ]2023-09-11 14:10:13.170 [main]LoggerLoad-User lands on Login PAge
[INFO ]2023-09-11 14:10:13.177 [main]LoggerLoad-User lands on Login PAge
[INFO ]2023-09-11 14:10:13.184 [main]LoggerLoad-User lands on Login PAge
[INFO ]2023-09-11 14:10:13.201 [main]LoggerLoad-User lands on Login PAge
[INFO ]2023-09-11 14:10:13.203 [main]LoggerLoad-Closing Driver
[INFO ]2023-09-11 14:49:21.156 [main]LoggerLoad-Loading Config file
[INFO ]2023-09-11 14:49:21.166 [main]LoggerLoad-Get Browser Type from Properties
[INFO ]2023-09-11 14:49:24.603 [main]LoggerLoad-Intializingchromedriver
[INFO ]2023-09-11 14:49:24.728 [main]LoggerLoad-User lands on Login PAge
[INFO ]2023-09-11 14:49:24.755 [main]LoggerLoad-User lands on Login PAge
[INFO ]2023-09-11 14:49:24.770 [main]LoggerLoad-User lands on Login PAge
[INFO ]2023-09-11 14:49:24.787 [main]LoggerLoad-User lands on Login PAge
[INFO ]2023-09-11 14:49:24.798 [main]LoggerLoad-User lands on Login PAge
[INFO ]2023-09-11 14:49:24.839 [main]LoggerLoad-User lands on Login PAge
[INFO ]2023-09-11 14:49:24.848 [main]LoggerLoad-User lands on Login PAge
[INFO ]2023-09-11 14:49:24.866 [main]LoggerLoad-User lands on Login PAge
[INFO ]2023-09-11 14:49:24.874 [main]LoggerLoad-User lands on Login PAge
[INFO ]2023-09-11 14:49:24.883 [main]LoggerLoad-User lands on Login PAge
[INFO ]2023-09-11 14:49:24.890 [main]LoggerLoad-User lands on Login PAge
[INFO ]2023-09-11 14:49:24.897 [main]LoggerLoad-User lands on Login PAge
[INFO ]2023-09-11 14:49:24.905 [main]LoggerLoad-User lands on Login PAge
[INFO ]2023-09-11 14:49:24.916 [main]LoggerLoad-User lands on Login PAge
[INFO ]2023-09-11 14:49:24.923 [main]LoggerLoad-User lands on Login PAge
[INFO ]2023-09-11 14:49:24.939 [main]LoggerLoad-User lands on Login PAge
[INFO ]2023-09-11 14:49:24.942 [main]LoggerLoad-Closing Driver
[INFO ]2023-09-11 15:43:57.265 [main]LoggerLoad-Loading Config file
[INFO ]2023-09-11 15:43:57.279 [main]LoggerLoad-Get Browser Type from Properties
[INFO ]2023-09-11 15:44:00.756 [main]LoggerLoad-Intializingchromedriver
[INFO ]2023-09-11 15:44:01.045 [main]LoggerLoad-User lands on Login PAge
[INFO ]2023-09-11 15:44:01.077 [main]LoggerLoad-User lands on Login PAge
[INFO ]2023-09-11 15:44:01.096 [main]LoggerLoad-User lands on Login PAge
[INFO ]2023-09-11 15:44:01.112 [main]LoggerLoad-User lands on Login PAge
[INFO ]2023-09-11 15:44:01.132 [main]LoggerLoad-User lands on Login PAge
[INFO ]2023-09-11 15:44:01.150 [main]LoggerLoad-User lands on Login PAge
[INFO ]2023-09-11 15:44:01.164 [main]LoggerLoad-User lands on Login PAge
[INFO ]2023-09-11 15:44:01.181 [main]LoggerLoad-User lands on Login PAge
[INFO ]2023-09-11 15:44:01.207 [main]LoggerLoad-User lands on Login PAge
[INFO ]2023-09-11 15:44:01.223 [main]LoggerLoad-User lands on Login PAge
[INFO ]2023-09-11 15:44:01.234 [main]LoggerLoad-User lands on Login PAge
[INFO ]2023-09-11 15:44:01.244 [main]LoggerLoad-User lands on Login PAge
[INFO ]2023-09-11 15:44:01.253 [main]LoggerLoad-User lands on Login PAge
[INFO ]2023-09-11 15:44:01.262 [main]LoggerLoad-User lands on Login PAge
[INFO ]2023-09-11 15:44:01.272 [main]LoggerLoad-User lands on Login PAge
[INFO ]2023-09-11 15:44:01.288 [main]LoggerLoad-User lands on Login PAge
[INFO ]2023-09-11 15:44:01.297 [main]LoggerLoad-Click Edit button
[INFO ]2023-09-11 15:44:01.306 [main]LoggerLoad-User lands on Login PAge
[INFO ]2023-09-11 15:44:01.317 [main]LoggerLoad-User lands on Login PAge
[INFO ]2023-09-11 15:44:01.328 [main]LoggerLoad-User lands on Login PAge
[INFO ]2023-09-11 15:44:01.340 [main]LoggerLoad-User lands on Login PAge
[INFO ]2023-09-11 15:44:01.352 [main]LoggerLoad-User lands on Login PAge
[INFO ]2023-09-11 15:44:01.409 [main]LoggerLoad-User lands on Login PAge
[INFO ]2023-09-11 15:44:01.419 [main]LoggerLoad-User lands on Login PAge
[INFO ]2023-09-11 15:44:01.428 [main]LoggerLoad-User lands on Login PAge
[INFO ]2023-09-11 15:44:01.443 [main]LoggerLoad-User lands on Login PAge
[INFO ]2023-09-11 15:44:01.452 [main]LoggerLoad-User lands on Login PAge
[INFO ]2023-09-11 15:44:01.461 [main]LoggerLoad-User lands on Login PAge
[INFO ]2023-09-11 15:44:01.469 [main]LoggerLoad-User lands on Login PAge
[INFO ]2023-09-11 15:44:01.480 [main]LoggerLoad-User lands on Login PAge
[INFO ]2023-09-11 15:44:01.488 [main]LoggerLoad-User lands on Login PAge
[INFO ]2023-09-11 15:44:01.496 [main]LoggerLoad-User lands on Login PAge
[INFO ]2023-09-11 15:44:01.503 [main]LoggerLoad-Admin verify that first check boxes is selected
[INFO ]2023-09-11 15:44:01.510 [main]LoggerLoad-User lands on Login PAge
[INFO ]2023-09-11 15:44:01.514 [main]LoggerLoad-Closing Driver
[INFO ]2023-09-11 16:55:21.990 [main]LoggerLoad-Loading Config file
[INFO ]2023-09-11 16:55:21.997 [main]LoggerLoad-Get Browser Type from Properties
[INFO ]2023-09-11 16:55:24.901 [main]LoggerLoad-Intializingchromedriver
[INFO ]2023-09-11 16:55:25.064 [main]LoggerLoad-Closing Driver
[INFO ]2023-09-11 17:13:00.995 [main]LoggerLoad-Loading Config file
[INFO ]2023-09-11 17:13:01.003 [main]LoggerLoad-Get Browser Type from Properties
[INFO ]2023-09-11 17:13:03.184 [main]LoggerLoad-Intializingchromedriver
[INFO ]2023-09-11 17:13:03.323 [main]LoggerLoad-Closing Driver
[INFO ]2023-09-11 17:51:17.263 [main]LoggerLoad-Loading Config file
[INFO ]2023-09-11 17:51:17.273 [main]LoggerLoad-Get Browser Type from Properties
[INFO ]2023-09-11 17:51:20.239 [main]LoggerLoad-Intializingchromedriver
[INFO ]2023-09-11 17:51:20.495 [main]LoggerLoad-Class page
[INFO ]2023-09-11 17:51:20.539 [main]LoggerLoad-Class page
[INFO ]2023-09-11 17:51:20.547 [main]LoggerLoad-Closing Driver
[INFO ]2023-09-11 22:45:21.124 [main]LoggerLoad-Loading Config file
[INFO ]2023-09-11 22:45:21.137 [main]LoggerLoad-Get Browser Type from Properties
[INFO ]2023-09-11 22:45:24.668 [main]LoggerLoad-Intializingchromedriver
[INFO ]2023-09-11 22:45:24.801 [main]LoggerLoad-Class page
[INFO ]2023-09-11 22:45:24.825 [main]LoggerLoad-Class page
[INFO ]2023-09-11 22:45:24.872 [main]LoggerLoad-Closing Driver
[INFO ]2023-09-11 22:46:10.443 [main]LoggerLoad-Loading Config file
[INFO ]2023-09-11 22:46:10.451 [main]LoggerLoad-Get Browser Type from Properties
[INFO ]2023-09-11 22:46:12.879 [main]LoggerLoad-Intializingchromedriver
[INFO ]2023-09-11 22:46:13.011 [main]LoggerLoad-Class page
[INFO ]2023-09-11 22:46:13.039 [main]LoggerLoad-Class page
[INFO ]2023-09-11 22:46:13.102 [main]LoggerLoad-Closing Driver
[INFO ]2023-09-11 22:46:58.415 [main]LoggerLoad-Loading Config file
[INFO ]2023-09-11 22:46:58.422 [main]LoggerLoad-Get Browser Type from Properties
[INFO ]2023-09-11 22:47:00.265 [main]LoggerLoad-Intializingchromedriver
[INFO ]2023-09-11 22:47:00.382 [main]LoggerLoad-Class page
[INFO ]2023-09-11 22:47:00.404 [main]LoggerLoad-Class page
[INFO ]2023-09-11 22:47:00.455 [main]LoggerLoad-Closing Driver
[INFO ]2023-09-11 22:53:10.900 [main]LoggerLoad-Loading Config file
[INFO ]2023-09-11 22:53:10.911 [main]LoggerLoad-Get Browser Type from Properties
[INFO ]2023-09-11 22:53:13.751 [main]LoggerLoad-Intializingchromedriver
[INFO ]2023-09-11 22:53:13.967 [main]LoggerLoad-Closing Driver
[INFO ]2023-09-11 22:55:27.435 [main]LoggerLoad-Loading Config file
[INFO ]2023-09-11 22:55:27.448 [main]LoggerLoad-Get Browser Type from Properties
[INFO ]2023-09-11 22:55:30.599 [main]LoggerLoad-Intializingchromedriver
[INFO ]2023-09-11 22:55:30.816 [main]LoggerLoad-Closing Driver
[INFO ]2023-09-11 22:58:01.551 [main]LoggerLoad-Loading Config file
[INFO ]2023-09-11 22:58:01.561 [main]LoggerLoad-Get Browser Type from Properties
[INFO ]2023-09-11 22:58:04.587 [main]LoggerLoad-Intializingchromedriver
[INFO ]2023-09-11 22:58:04.828 [main]LoggerLoad-Closing Driver
[INFO ]2023-09-11 23:03:56.284 [main]LoggerLoad-Loading Config file
[INFO ]2023-09-11 23:03:56.295 [main]LoggerLoad-Get Browser Type from Properties
[INFO ]2023-09-11 23:03:59.406 [main]LoggerLoad-Intializingchromedriver
[INFO ]2023-09-11 23:03:59.632 [main]LoggerLoad-Closing Driver
[INFO ]2023-09-11 23:13:23.177 [main]LoggerLoad-Loading Config file
[INFO ]2023-09-11 23:13:23.188 [main]LoggerLoad-Get Browser Type from Properties
[INFO ]2023-09-11 23:13:26.057 [main]LoggerLoad-Intializingchromedriver
[INFO ]2023-09-11 23:13:26.222 [main]LoggerLoad-Class page
[INFO ]2023-09-11 23:13:26.255 [main]LoggerLoad-Class page
[INFO ]2023-09-11 23:13:26.342 [main]LoggerLoad-Closing Driver
[INFO ]2023-09-11 23:16:54.742 [main]LoggerLoad-Loading Config file
[INFO ]2023-09-11 23:16:54.749 [main]LoggerLoad-Get Browser Type from Properties
[INFO ]2023-09-11 23:16:57.232 [main]LoggerLoad-Intializingchromedriver
[INFO ]2023-09-11 23:16:57.383 [main]LoggerLoad-Class page
[INFO ]2023-09-11 23:16:57.410 [main]LoggerLoad-Class page
[INFO ]2023-09-11 23:16:57.482 [main]LoggerLoad-Closing Driver
[INFO ]2023-09-11 23:21:52.946 [main]LoggerLoad-Loading Config file
[INFO ]2023-09-11 23:21:52.957 [main]LoggerLoad-Get Browser Type from Properties
[INFO ]2023-09-11 23:21:55.816 [main]LoggerLoad-Intializingchromedriver
[INFO ]2023-09-11 23:21:55.972 [main]LoggerLoad-Class page
[INFO ]2023-09-11 23:21:56.010 [main]LoggerLoad-Class page
[INFO ]2023-09-11 23:21:56.082 [main]LoggerLoad-Closing Driver
[INFO ]2023-09-11 23:25:12.266 [main]LoggerLoad-Loading Config file
[INFO ]2023-09-11 23:25:12.274 [main]LoggerLoad-Get Browser Type from Properties
[INFO ]2023-09-11 23:25:15.016 [main]LoggerLoad-Intializingchromedriver
[INFO ]2023-09-11 23:25:15.226 [main]LoggerLoad-Closing Driver
[INFO ]2023-09-12 06:07:11.477 [main]LoggerLoad-Loading Config file
[INFO ]2023-09-12 06:07:11.487 [main]LoggerLoad-Get Browser Type from Properties
[INFO ]2023-09-12 06:07:14.265 [main]LoggerLoad-Intializingchromedriver
[INFO ]2023-09-12 06:07:14.430 [main]LoggerLoad-Class page
[INFO ]2023-09-12 06:07:14.462 [main]LoggerLoad-Class page
[INFO ]2023-09-12 06:07:14.516 [main]LoggerLoad-Class page
[INFO ]2023-09-12 06:07:14.521 [main]LoggerLoad-Closing Driver
[INFO ]2023-09-12 08:16:33.126 [main]LoggerLoad-Loading Config file
[INFO ]2023-09-12 08:16:33.134 [main]LoggerLoad-Get Browser Type from Properties
[INFO ]2023-09-12 08:16:35.964 [main]LoggerLoad-Intializingchromedriver
[INFO ]2023-09-12 08:16:36.105 [main]LoggerLoad-Class page
[INFO ]2023-09-12 08:16:36.131 [main]LoggerLoad-Class page
[INFO ]2023-09-12 08:16:36.155 [main]LoggerLoad-Class page
[INFO ]2023-09-12 08:16:36.198 [main]LoggerLoad-Class page
[INFO ]2023-09-12 08:16:36.210 [main]LoggerLoad-Class page
[INFO ]2023-09-12 08:16:36.221 [main]LoggerLoad-Class page
[INFO ]2023-09-12 08:16:36.232 [main]LoggerLoad-Class page
[INFO ]2023-09-12 08:16:36.234 [main]LoggerLoad-Closing Driver
[INFO ]2023-09-12 08:52:16.503 [main]LoggerLoad-Loading Config file
[INFO ]2023-09-12 08:52:16.516 [main]LoggerLoad-Get Browser Type from Properties
[INFO ]2023-09-12 08:52:18.816 [main]LoggerLoad-Intializingchromedriver
[INFO ]2023-09-12 08:52:19.049 [main]LoggerLoad-User lands on Login PAge
[INFO ]2023-09-12 08:52:19.088 [main]LoggerLoad-User lands on Login PAge
[INFO ]2023-09-12 08:52:19.111 [main]LoggerLoad-User lands on Login PAge
[INFO ]2023-09-12 08:52:19.129 [main]LoggerLoad-User lands on Login PAge
[INFO ]2023-09-12 08:52:19.146 [main]LoggerLoad-User lands on Login PAge
[INFO ]2023-09-12 08:52:19.160 [main]LoggerLoad-User lands on Login PAge
[INFO ]2023-09-12 08:52:19.173 [main]LoggerLoad-User lands on Login PAge
[INFO ]2023-09-12 08:52:19.185 [main]LoggerLoad-User lands on Login PAge
[INFO ]2023-09-12 08:52:19.202 [main]LoggerLoad-User lands on Login PAge
[INFO ]2023-09-12 08:52:19.213 [main]LoggerLoad-User lands on Login PAge
[INFO ]2023-09-12 08:52:19.227 [main]LoggerLoad-User lands on Login PAge
[INFO ]2023-09-12 08:52:19.241 [main]LoggerLoad-User lands on Login PAge
[INFO ]2023-09-12 08:52:19.251 [main]LoggerLoad-User lands on Login PAge
[INFO ]2023-09-12 08:52:19.261 [main]LoggerLoad-User lands on Login PAge
[INFO ]2023-09-12 08:52:19.272 [main]LoggerLoad-User lands on Login PAge
[INFO ]2023-09-12 08:52:19.285 [main]LoggerLoad-User lands on Login PAge
[INFO ]2023-09-12 08:52:19.296 [main]LoggerLoad-Click Edit button
[INFO ]2023-09-12 08:52:19.309 [main]LoggerLoad-User lands on Login PAge
[INFO ]2023-09-12 08:52:19.321 [main]LoggerLoad-User lands on Login PAge
[INFO ]2023-09-12 08:52:19.337 [main]LoggerLoad-User lands on Login PAge
[INFO ]2023-09-12 08:52:19.352 [main]LoggerLoad-User lands on Login PAge
[INFO ]2023-09-12 08:52:19.380 [main]LoggerLoad-User lands on Login PAge
[INFO ]2023-09-12 08:52:19.518 [main]LoggerLoad-User lands on Login PAge
[INFO ]2023-09-12 08:52:19.528 [main]LoggerLoad-User lands on Login PAge
[INFO ]2023-09-12 08:52:19.537 [main]LoggerLoad-User lands on Login PAge
[INFO ]2023-09-12 08:52:19.547 [main]LoggerLoad-User lands on Login PAge
[INFO ]2023-09-12 08:52:19.557 [main]LoggerLoad-User lands on Login PAge
[INFO ]2023-09-12 08:52:19.566 [main]LoggerLoad-User lands on Login PAge
[INFO ]2023-09-12 08:52:19.575 [main]LoggerLoad-User lands on Login PAge
[INFO ]2023-09-12 08:52:19.586 [main]LoggerLoad-User lands on Login PAge
[INFO ]2023-09-12 08:52:19.596 [main]LoggerLoad-User lands on Login PAge
[INFO ]2023-09-12 08:52:19.606 [main]LoggerLoad-User lands on Login PAge
[INFO ]2023-09-12 08:52:19.617 [main]LoggerLoad-Admin verify that first check boxes is selected
[INFO ]2023-09-12 08:52:19.624 [main]LoggerLoad-User lands on Login PAge
[INFO ]2023-09-12 08:52:19.629 [main]LoggerLoad-Closing Driver
[INFO ]2023-09-12 09:04:46.088 [main]LoggerLoad-Loading Config file
[INFO ]2023-09-12 09:04:46.099 [main]LoggerLoad-Get Browser Type from Properties
[INFO ]2023-09-12 09:04:48.666 [main]LoggerLoad-Intializingchromedriver
[INFO ]2023-09-12 09:04:48.782 [main]LoggerLoad-Class page
[INFO ]2023-09-12 09:04:48.807 [main]LoggerLoad-Class page
[INFO ]2023-09-12 09:04:48.854 [main]LoggerLoad-Class page
[INFO ]2023-09-12 09:04:48.871 [main]LoggerLoad-Class page
[INFO ]2023-09-12 09:04:48.885 [main]LoggerLoad-Class page
[INFO ]2023-09-12 09:04:48.896 [main]LoggerLoad-Class page
[INFO ]2023-09-12 09:04:48.905 [main]LoggerLoad-Class page
[INFO ]2023-09-12 09:04:48.907 [main]LoggerLoad-Closing Driver
[INFO ]2023-09-12 09:42:26.361 [main]LoggerLoad-Loading Config file
[INFO ]2023-09-12 09:42:26.370 [main]LoggerLoad-Get Browser Type from Properties
[INFO ]2023-09-12 09:42:29.524 [main]LoggerLoad-Intializingchromedriver
[INFO ]2023-09-12 09:42:29.800 [main]LoggerLoad-Class page
[INFO ]2023-09-12 09:42:29.830 [main]LoggerLoad-Class page
[INFO ]2023-09-12 09:42:29.849 [main]LoggerLoad-Class page
[INFO ]2023-09-12 09:42:29.870 [main]LoggerLoad-Class page
[INFO ]2023-09-12 09:42:29.890 [main]LoggerLoad-Class page
[INFO ]2023-09-12 09:42:29.906 [main]LoggerLoad-Class page
[INFO ]2023-09-12 09:42:29.926 [main]LoggerLoad-Class page
[INFO ]2023-09-12 09:42:29.931 [main]LoggerLoad-Closing Driver
[INFO ]2023-09-12 09:42:54.114 [main]LoggerLoad-Loading Config file
[INFO ]2023-09-12 09:42:54.121 [main]LoggerLoad-Get Browser Type from Properties
[INFO ]2023-09-12 09:42:56.193 [main]LoggerLoad-Intializingchromedriver
[INFO ]2023-09-12 09:42:56.379 [main]LoggerLoad-User lands on Login PAge
[INFO ]2023-09-12 09:42:56.406 [main]LoggerLoad-User lands on Login PAge
[INFO ]2023-09-12 09:42:56.421 [main]LoggerLoad-User lands on Login PAge
[INFO ]2023-09-12 09:42:56.434 [main]LoggerLoad-User lands on Login PAge
[INFO ]2023-09-12 09:42:56.452 [main]LoggerLoad-User lands on Login PAge
[INFO ]2023-09-12 09:42:56.464 [main]LoggerLoad-User lands on Login PAge
[INFO ]2023-09-12 09:42:56.477 [main]LoggerLoad-User lands on Login PAge
[INFO ]2023-09-12 09:42:56.490 [main]LoggerLoad-User lands on Login PAge
[INFO ]2023-09-12 09:42:56.505 [main]LoggerLoad-User lands on Login PAge
[INFO ]2023-09-12 09:42:56.519 [main]LoggerLoad-User lands on Login PAge
[INFO ]2023-09-12 09:42:56.532 [main]LoggerLoad-User lands on Login PAge
[INFO ]2023-09-12 09:42:56.544 [main]LoggerLoad-User lands on Login PAge
[INFO ]2023-09-12 09:42:56.556 [main]LoggerLoad-User lands on Login PAge
[INFO ]2023-09-12 09:42:56.572 [main]LoggerLoad-User lands on Login PAge
[INFO ]2023-09-12 09:42:56.586 [main]LoggerLoad-User lands on Login PAge
[INFO ]2023-09-12 09:42:56.602 [main]LoggerLoad-User lands on Login PAge
[INFO ]2023-09-12 09:42:56.613 [main]LoggerLoad-Click Edit button
[INFO ]2023-09-12 09:42:56.622 [main]LoggerLoad-User lands on Login PAge
[INFO ]2023-09-12 09:42:56.633 [main]LoggerLoad-User lands on Login PAge
[INFO ]2023-09-12 09:42:56.643 [main]LoggerLoad-User lands on Login PAge
[INFO ]2023-09-12 09:42:56.654 [main]LoggerLoad-User lands on Login PAge
[INFO ]2023-09-12 09:42:56.664 [main]LoggerLoad-User lands on Login PAge
[INFO ]2023-09-12 09:42:56.712 [main]LoggerLoad-User lands on Login PAge
[INFO ]2023-09-12 09:42:56.721 [main]LoggerLoad-User lands on Login PAge
[INFO ]2023-09-12 09:42:56.732 [main]LoggerLoad-User lands on Login PAge
[INFO ]2023-09-12 09:42:56.744 [main]LoggerLoad-User lands on Login PAge
[INFO ]2023-09-12 09:42:56.759 [main]LoggerLoad-User lands on Login PAge
[INFO ]2023-09-12 09:42:56.782 [main]LoggerLoad-User lands on Login PAge
[INFO ]2023-09-12 09:42:56.794 [main]LoggerLoad-User lands on Login PAge
[INFO ]2023-09-12 09:42:56.805 [main]LoggerLoad-User lands on Login PAge
[INFO ]2023-09-12 09:42:56.837 [main]LoggerLoad-User lands on Login PAge
[INFO ]2023-09-12 09:42:56.847 [main]LoggerLoad-User lands on Login PAge
[INFO ]2023-09-12 09:42:56.870 [main]LoggerLoad-Admin verify that first check boxes is selected
[INFO ]2023-09-12 09:42:56.880 [main]LoggerLoad-User lands on Login PAge
[INFO ]2023-09-12 09:42:56.885 [main]LoggerLoad-Closing Driver
[INFO ]2023-09-12 12:35:12.840 [main]LoggerLoad-Loading Config file
[INFO ]2023-09-12 12:35:12.847 [main]LoggerLoad-Get Browser Type from Properties
[INFO ]2023-09-12 12:35:16.235 [main]LoggerLoad-Intializingchromedriver
[INFO ]2023-09-12 12:35:16.753 [main]LoggerLoad-Closing Driver
[INFO ]2023-09-12 12:54:10.767 [main]LoggerLoad-Loading Config file
[INFO ]2023-09-12 12:54:10.776 [main]LoggerLoad-Get Browser Type from Properties
[INFO ]2023-09-12 12:54:13.107 [main]LoggerLoad-Intializingchromedriver
[INFO ]2023-09-12 12:54:13.251 [main]LoggerLoad-Class page
[INFO ]2023-09-12 12:54:13.281 [main]LoggerLoad-Class page
[INFO ]2023-09-12 12:54:13.298 [main]LoggerLoad-Class page
[INFO ]2023-09-12 12:54:13.316 [main]LoggerLoad-Class page
[INFO ]2023-09-12 12:54:13.329 [main]LoggerLoad-Class page
[INFO ]2023-09-12 12:54:13.340 [main]LoggerLoad-Class page
[INFO ]2023-09-12 12:54:13.355 [main]LoggerLoad-Class page
[INFO ]2023-09-12 12:54:13.393 [main]LoggerLoad-Class page
[INFO ]2023-09-12 12:54:13.404 [main]LoggerLoad-Class page
[INFO ]2023-09-12 12:54:13.414 [main]LoggerLoad-Class page
[INFO ]2023-09-12 12:54:13.424 [main]LoggerLoad-Class page
[INFO ]2023-09-12 12:54:13.436 [main]LoggerLoad-Class page
[INFO ]2023-09-12 12:54:13.447 [main]LoggerLoad-Class page
[INFO ]2023-09-12 12:54:13.456 [main]LoggerLoad-Class page
[INFO ]2023-09-12 12:54:13.458 [main]LoggerLoad-Closing Driver
[INFO ]2023-09-12 12:56:09.706 [main]LoggerLoad-Loading Config file
[INFO ]2023-09-12 12:56:09.711 [main]LoggerLoad-Get Browser Type from Properties
[INFO ]2023-09-12 12:56:11.881 [main]LoggerLoad-Intializingchromedriver
[INFO ]2023-09-12 12:56:12.054 [main]LoggerLoad-Class page
[INFO ]2023-09-12 12:56:12.091 [main]LoggerLoad-Class page
[INFO ]2023-09-12 12:56:12.110 [main]LoggerLoad-Class page
[INFO ]2023-09-12 12:56:12.128 [main]LoggerLoad-Class page
[INFO ]2023-09-12 12:56:12.144 [main]LoggerLoad-Class page
[INFO ]2023-09-12 12:56:12.159 [main]LoggerLoad-Class page
[INFO ]2023-09-12 12:56:12.174 [main]LoggerLoad-Class page
[INFO ]2023-09-12 12:56:12.211 [main]LoggerLoad-Class page
[INFO ]2023-09-12 12:56:12.221 [main]LoggerLoad-Class page
[INFO ]2023-09-12 12:56:12.230 [main]LoggerLoad-Class page
[INFO ]2023-09-12 12:56:12.240 [main]LoggerLoad-Class page
[INFO ]2023-09-12 12:56:12.249 [main]LoggerLoad-Class page
[INFO ]2023-09-12 12:56:12.258 [main]LoggerLoad-Class page
[INFO ]2023-09-12 12:56:12.267 [main]LoggerLoad-Class page
[INFO ]2023-09-12 12:56:12.269 [main]LoggerLoad-Closing Driver
[INFO ]2023-09-12 13:30:07.551 [main]LoggerLoad-Loading Config file
[INFO ]2023-09-12 13:30:07.568 [main]LoggerLoad-Get Browser Type from Properties
[INFO ]2023-09-12 13:30:10.662 [main]LoggerLoad-Intializingchromedriver
[INFO ]2023-09-12 13:30:10.930 [main]LoggerLoad-Class page
[INFO ]2023-09-12 13:30:10.977 [main]LoggerLoad-Class page
[INFO ]2023-09-12 13:30:11.009 [main]LoggerLoad-Class page
[INFO ]2023-09-12 13:30:11.035 [main]LoggerLoad-Class page
[INFO ]2023-09-12 13:30:11.063 [main]LoggerLoad-Class page
[INFO ]2023-09-12 13:30:11.082 [main]LoggerLoad-Class page
[INFO ]2023-09-12 13:30:11.099 [main]LoggerLoad-Class page
[INFO ]2023-09-12 13:30:11.117 [main]LoggerLoad-Class page
[INFO ]2023-09-12 13:30:11.140 [main]LoggerLoad-Class page
[INFO ]2023-09-12 13:30:11.161 [main]LoggerLoad-Class page
[INFO ]2023-09-12 13:30:11.178 [main]LoggerLoad-Class page
[INFO ]2023-09-12 13:30:11.194 [main]LoggerLoad-Class page
[INFO ]2023-09-12 13:30:11.210 [main]LoggerLoad-Class page
[INFO ]2023-09-12 13:30:11.235 [main]LoggerLoad-Class page
[INFO ]2023-09-12 13:30:11.241 [main]LoggerLoad-Closing Driver
[INFO ]2023-09-12 13:51:38.389 [main]LoggerLoad-Loading Config file
[INFO ]2023-09-12 13:51:38.400 [main]LoggerLoad-Get Browser Type from Properties
[INFO ]2023-09-12 13:51:41.897 [main]LoggerLoad-Intializingchromedriver
[INFO ]2023-09-12 13:51:42.099 [main]LoggerLoad-Class page
[INFO ]2023-09-12 13:51:42.132 [main]LoggerLoad-Class page
[INFO ]2023-09-12 13:51:42.166 [main]LoggerLoad-Class page
[INFO ]2023-09-12 13:51:42.189 [main]LoggerLoad-Class page
[INFO ]2023-09-12 13:51:42.206 [main]LoggerLoad-Class page
[INFO ]2023-09-12 13:51:42.223 [main]LoggerLoad-Class page
[INFO ]2023-09-12 13:51:42.239 [main]LoggerLoad-Class page
[INFO ]2023-09-12 13:51:42.254 [main]LoggerLoad-Class page
[INFO ]2023-09-12 13:51:42.268 [main]LoggerLoad-Class page
[INFO ]2023-09-12 13:51:42.282 [main]LoggerLoad-Class page
[INFO ]2023-09-12 13:51:42.295 [main]LoggerLoad-Class page
[INFO ]2023-09-12 13:51:42.313 [main]LoggerLoad-Class page
[INFO ]2023-09-12 13:51:42.329 [main]LoggerLoad-Class page
[INFO ]2023-09-12 13:51:42.346 [main]LoggerLoad-Class page
[INFO ]2023-09-12 13:51:42.394 [main]LoggerLoad-Class page
[INFO ]2023-09-12 13:51:42.414 [main]LoggerLoad-Class page
[INFO ]2023-09-12 13:51:42.429 [main]LoggerLoad-Class page
[INFO ]2023-09-12 13:51:42.447 [main]LoggerLoad-Class page
[INFO ]2023-09-12 13:51:42.480 [main]LoggerLoad-Class page
[INFO ]2023-09-12 13:51:42.521 [main]LoggerLoad-Class page
[INFO ]2023-09-12 13:51:42.541 [main]LoggerLoad-Class page
[INFO ]2023-09-12 13:51:42.543 [main]LoggerLoad-Closing Driver
[INFO ]2023-09-12 15:06:45.343 [main]LoggerLoad-Loading Config file
[INFO ]2023-09-12 15:06:45.353 [main]LoggerLoad-Get Browser Type from Properties
[INFO ]2023-09-12 15:06:49.056 [main]LoggerLoad-Intializingchromedriver
[INFO ]2023-09-12 15:06:49.297 [main]LoggerLoad-Class page
[INFO ]2023-09-12 15:06:49.341 [main]LoggerLoad-Class page
[INFO ]2023-09-12 15:06:49.366 [main]LoggerLoad-Class page
[INFO ]2023-09-12 15:06:49.393 [main]LoggerLoad-Class page
[INFO ]2023-09-12 15:06:49.413 [main]LoggerLoad-Class page
[INFO ]2023-09-12 15:06:49.446 [main]LoggerLoad-Class page
[INFO ]2023-09-12 15:06:49.463 [main]LoggerLoad-Class page
[INFO ]2023-09-12 15:06:49.480 [main]LoggerLoad-Class page
[INFO ]2023-09-12 15:06:49.509 [main]LoggerLoad-Class page
[INFO ]2023-09-12 15:06:49.530 [main]LoggerLoad-Class page
[INFO ]2023-09-12 15:06:49.546 [main]LoggerLoad-Class page
[INFO ]2023-09-12 15:06:49.561 [main]LoggerLoad-Class page
[INFO ]2023-09-12 15:06:49.576 [main]LoggerLoad-Class page
[INFO ]2023-09-12 15:06:49.592 [main]LoggerLoad-Class page
[INFO ]2023-09-12 15:06:49.607 [main]LoggerLoad-Class page
[INFO ]2023-09-12 15:06:49.622 [main]LoggerLoad-Class page
[INFO ]2023-09-12 15:06:49.635 [main]LoggerLoad-Class page
[INFO ]2023-09-12 15:06:49.682 [main]LoggerLoad-Class page
[INFO ]2023-09-12 15:06:49.698 [main]LoggerLoad-Class page
[INFO ]2023-09-12 15:06:49.713 [main]LoggerLoad-Class page
[INFO ]2023-09-12 15:06:49.728 [main]LoggerLoad-Class page
[INFO ]2023-09-12 15:06:49.730 [main]LoggerLoad-Closing Driver
[INFO ]2023-09-12 15:41:48.222 [main]LoggerLoad-Loading Config file
[INFO ]2023-09-12 15:41:48.235 [main]LoggerLoad-Get Browser Type from Properties
[INFO ]2023-09-12 15:41:51.440 [main]LoggerLoad-Intializingchromedriver
[INFO ]2023-09-12 15:41:51.645 [main]LoggerLoad-Class page
[INFO ]2023-09-12 15:41:51.685 [main]LoggerLoad-Class page
[INFO ]2023-09-12 15:41:51.709 [main]LoggerLoad-Class page
[INFO ]2023-09-12 15:41:51.730 [main]LoggerLoad-Class page
[INFO ]2023-09-12 15:41:51.747 [main]LoggerLoad-Class page
[INFO ]2023-09-12 15:41:51.769 [main]LoggerLoad-Class page
[INFO ]2023-09-12 15:41:51.782 [main]LoggerLoad-Class page
[INFO ]2023-09-12 15:41:51.796 [main]LoggerLoad-Class page
[INFO ]2023-09-12 15:41:51.815 [main]LoggerLoad-Class page
[INFO ]2023-09-12 15:41:51.829 [main]LoggerLoad-Class page
[INFO ]2023-09-12 15:41:51.841 [main]LoggerLoad-Class page
[INFO ]2023-09-12 15:41:51.855 [main]LoggerLoad-Class page
[INFO ]2023-09-12 15:41:51.868 [main]LoggerLoad-Class page
[INFO ]2023-09-12 15:41:51.881 [main]LoggerLoad-Class page
[INFO ]2023-09-12 15:41:51.894 [main]LoggerLoad-Class page
[INFO ]2023-09-12 15:41:51.916 [main]LoggerLoad-Class page
[INFO ]2023-09-12 15:41:51.929 [main]LoggerLoad-Class page
[INFO ]2023-09-12 15:41:51.943 [main]LoggerLoad-Class page
[INFO ]2023-09-12 15:41:51.990 [main]LoggerLoad-Class page
[INFO ]2023-09-12 15:41:52.004 [main]LoggerLoad-Class page
[INFO ]2023-09-12 15:41:52.016 [main]LoggerLoad-Class page
[INFO ]2023-09-12 15:41:52.019 [main]LoggerLoad-Closing Driver
[INFO ]2023-09-12 15:49:15.181 [main]LoggerLoad-Loading Config file
[INFO ]2023-09-12 15:49:15.192 [main]LoggerLoad-Get Browser Type from Properties
[INFO ]2023-09-12 15:49:18.366 [main]LoggerLoad-Intializingchromedriver
[INFO ]2023-09-12 15:49:18.659 [main]LoggerLoad-Class page
[INFO ]2023-09-12 15:49:18.709 [main]LoggerLoad-Class page
[INFO ]2023-09-12 15:49:18.737 [main]LoggerLoad-Class page
[INFO ]2023-09-12 15:49:18.767 [main]LoggerLoad-Class page
[INFO ]2023-09-12 15:49:18.796 [main]LoggerLoad-Class page
[INFO ]2023-09-12 15:49:18.821 [main]LoggerLoad-Class page
[INFO ]2023-09-12 15:49:18.840 [main]LoggerLoad-Class page
[INFO ]2023-09-12 15:49:18.861 [main]LoggerLoad-Class page
[INFO ]2023-09-12 15:49:18.880 [main]LoggerLoad-Class page
[INFO ]2023-09-12 15:49:18.900 [main]LoggerLoad-Class page
[INFO ]2023-09-12 15:49:18.916 [main]LoggerLoad-Class page
[INFO ]2023-09-12 15:49:18.931 [main]LoggerLoad-Class page
[INFO ]2023-09-12 15:49:18.946 [main]LoggerLoad-Class page
[INFO ]2023-09-12 15:49:18.963 [main]LoggerLoad-Class page
[INFO ]2023-09-12 15:49:18.982 [main]LoggerLoad-Class page
[INFO ]2023-09-12 15:49:19.000 [main]LoggerLoad-Class page
[INFO ]2023-09-12 15:49:19.018 [main]LoggerLoad-Class page
[INFO ]2023-09-12 15:49:19.032 [main]LoggerLoad-Class page
[INFO ]2023-09-12 15:49:19.050 [main]LoggerLoad-Class page
[INFO ]2023-09-12 15:49:19.064 [main]LoggerLoad-Class page
[INFO ]2023-09-12 15:49:19.078 [main]LoggerLoad-Class page
[INFO ]2023-09-12 15:49:19.082 [main]LoggerLoad-Closing Driver
[INFO ]2023-09-12 15:50:56.667 [main]LoggerLoad-Loading Config file
[INFO ]2023-09-12 15:50:56.678 [main]LoggerLoad-Get Browser Type from Properties
[INFO ]2023-09-12 15:50:59.701 [main]LoggerLoad-Intializingchromedriver
[INFO ]2023-09-12 15:50:59.966 [main]LoggerLoad-User lands on Login PAge
[INFO ]2023-09-12 15:51:00.017 [main]LoggerLoad-User lands on Login PAge
[INFO ]2023-09-12 15:51:00.045 [main]LoggerLoad-User lands on Login PAge
[INFO ]2023-09-12 15:51:00.071 [main]LoggerLoad-User lands on Login PAge
[INFO ]2023-09-12 15:51:00.107 [main]LoggerLoad-User lands on Login PAge
[INFO ]2023-09-12 15:51:00.148 [main]LoggerLoad-User lands on Login PAge
[INFO ]2023-09-12 15:51:00.292 [main]LoggerLoad-User lands on Login PAge
[INFO ]2023-09-12 15:51:00.305 [main]LoggerLoad-User lands on Login PAge
[INFO ]2023-09-12 15:51:00.705 [main]LoggerLoad-User lands on Login PAge
[INFO ]2023-09-12 15:51:00.723 [main]LoggerLoad-User lands on Login PAge
[INFO ]2023-09-12 15:51:00.738 [main]LoggerLoad-User lands on Login PAge
[INFO ]2023-09-12 15:51:00.758 [main]LoggerLoad-User lands on Login PAge
[INFO ]2023-09-12 15:51:00.779 [main]LoggerLoad-User lands on Login PAge
[INFO ]2023-09-12 15:51:00.795 [main]LoggerLoad-User lands on Login PAge
[INFO ]2023-09-12 15:51:00.812 [main]LoggerLoad-User lands on Login PAge
[INFO ]2023-09-12 15:51:00.842 [main]LoggerLoad-User lands on Login PAge
[INFO ]2023-09-12 15:51:00.871 [main]LoggerLoad-Click Edit button
[INFO ]2023-09-12 15:51:00.888 [main]LoggerLoad-User lands on Login PAge
[INFO ]2023-09-12 15:51:00.905 [main]LoggerLoad-User lands on Login PAge
[INFO ]2023-09-12 15:51:00.922 [main]LoggerLoad-User lands on Login PAge
[INFO ]2023-09-12 15:51:00.934 [main]LoggerLoad-User lands on Login PAge
[INFO ]2023-09-12 15:51:00.948 [main]LoggerLoad-User lands on Login PAge
[INFO ]2023-09-12 15:51:00.994 [main]LoggerLoad-User lands on Login PAge
[INFO ]2023-09-12 15:51:01.015 [main]LoggerLoad-User lands on Login PAge
[INFO ]2023-09-12 15:51:01.033 [main]LoggerLoad-User lands on Login PAge
[INFO ]2023-09-12 15:51:01.052 [main]LoggerLoad-User lands on Login PAge
[INFO ]2023-09-12 15:51:01.070 [main]LoggerLoad-User lands on Login PAge
[INFO ]2023-09-12 15:51:01.087 [main]LoggerLoad-User lands on Login PAge
[INFO ]2023-09-12 15:51:01.104 [main]LoggerLoad-User lands on Login PAge
[INFO ]2023-09-12 15:51:01.123 [main]LoggerLoad-User lands on Login PAge
[INFO ]2023-09-12 15:51:01.137 [main]LoggerLoad-User lands on Login PAge
[INFO ]2023-09-12 15:51:01.150 [main]LoggerLoad-User lands on Login PAge
[INFO ]2023-09-12 15:51:01.166 [main]LoggerLoad-Admin verify that first check boxes is selected
[INFO ]2023-09-12 15:51:01.178 [main]LoggerLoad-User lands on Login PAge
[INFO ]2023-09-12 15:51:01.183 [main]LoggerLoad-Closing Driver
[INFO ]2023-09-12 15:51:28.094 [main]LoggerLoad-Loading Config file
[INFO ]2023-09-12 15:51:28.103 [main]LoggerLoad-Get Browser Type from Properties
[INFO ]2023-09-12 15:51:30.659 [main]LoggerLoad-Intializingchromedriver
[INFO ]2023-09-12 15:51:30.937 [main]LoggerLoad-Class page
[INFO ]2023-09-12 15:51:30.989 [main]LoggerLoad-Class page
[INFO ]2023-09-12 15:51:31.031 [main]LoggerLoad-Class page
[INFO ]2023-09-12 15:51:31.078 [main]LoggerLoad-Class page
[INFO ]2023-09-12 15:51:31.101 [main]LoggerLoad-Class page
[INFO ]2023-09-12 15:51:31.126 [main]LoggerLoad-Class page
[INFO ]2023-09-12 15:51:31.144 [main]LoggerLoad-Class page
[INFO ]2023-09-12 15:51:31.164 [main]LoggerLoad-Class page
[INFO ]2023-09-12 15:51:31.184 [main]LoggerLoad-Class page
[INFO ]2023-09-12 15:51:31.206 [main]LoggerLoad-Class page
[INFO ]2023-09-12 15:51:31.240 [main]LoggerLoad-Class page
[INFO ]2023-09-12 15:51:31.263 [main]LoggerLoad-Class page
[INFO ]2023-09-12 15:51:31.287 [main]LoggerLoad-Class page
[INFO ]2023-09-12 15:51:31.306 [main]LoggerLoad-Class page
[INFO ]2023-09-12 15:51:31.323 [main]LoggerLoad-Class page
[INFO ]2023-09-12 15:51:31.340 [main]LoggerLoad-Class page
[INFO ]2023-09-12 15:51:31.356 [main]LoggerLoad-Class page
[INFO ]2023-09-12 15:51:31.369 [main]LoggerLoad-Class page
[INFO ]2023-09-12 15:51:31.381 [main]LoggerLoad-Class page
[INFO ]2023-09-12 15:51:31.394 [main]LoggerLoad-Class page
[INFO ]2023-09-12 15:51:31.407 [main]LoggerLoad-Class page
[INFO ]2023-09-12 15:51:31.411 [main]LoggerLoad-Closing Driver
[INFO ]2023-09-12 16:44:52.662 [main]LoggerLoad-Loading Config file
[INFO ]2023-09-12 16:44:52.676 [main]LoggerLoad-Get Browser Type from Properties
[INFO ]2023-09-12 16:44:56.987 [main]LoggerLoad-Intializingchromedriver
[INFO ]2023-09-12 16:44:57.262 [main]LoggerLoad-Class page
[INFO ]2023-09-12 16:44:57.307 [main]LoggerLoad-Class page
[INFO ]2023-09-12 16:44:57.335 [main]LoggerLoad-Class page
[INFO ]2023-09-12 16:44:57.365 [main]LoggerLoad-Class page
[INFO ]2023-09-12 16:44:57.394 [main]LoggerLoad-Class page
[INFO ]2023-09-12 16:44:57.419 [main]LoggerLoad-Class page
[INFO ]2023-09-12 16:44:57.439 [main]LoggerLoad-Class page
[INFO ]2023-09-12 16:44:57.459 [main]LoggerLoad-Class page
[INFO ]2023-09-12 16:44:57.480 [main]LoggerLoad-Class page
[INFO ]2023-09-12 16:44:57.499 [main]LoggerLoad-Class page
[INFO ]2023-09-12 16:44:57.518 [main]LoggerLoad-Class page
[INFO ]2023-09-12 16:44:57.537 [main]LoggerLoad-Class page
[INFO ]2023-09-12 16:44:57.554 [main]LoggerLoad-Class page
[INFO ]2023-09-12 16:44:57.574 [main]LoggerLoad-Class page
[INFO ]2023-09-12 16:44:57.594 [main]LoggerLoad-Class page
[INFO ]2023-09-12 16:44:57.619 [main]LoggerLoad-Class page
[INFO ]2023-09-12 16:44:57.637 [main]LoggerLoad-Class page
[INFO ]2023-09-12 16:44:57.654 [main]LoggerLoad-Class page
[INFO ]2023-09-12 16:44:57.669 [main]LoggerLoad-Class page
[INFO ]2023-09-12 16:44:57.684 [main]LoggerLoad-Class page
[INFO ]2023-09-12 16:44:57.702 [main]LoggerLoad-Class page
[INFO ]2023-09-12 16:44:57.706 [main]LoggerLoad-Closing Driver
[INFO ]2023-09-12 16:50:26.487 [main]LoggerLoad-Loading Config file
[INFO ]2023-09-12 16:50:26.500 [main]LoggerLoad-Get Browser Type from Properties
[INFO ]2023-09-12 16:50:29.071 [main]LoggerLoad-Intializingchromedriver
[INFO ]2023-09-12 16:50:29.469 [main]LoggerLoad-Class page
[INFO ]2023-09-12 16:50:29.606 [main]LoggerLoad-Class page
[INFO ]2023-09-12 16:50:29.636 [main]LoggerLoad-Class page
[INFO ]2023-09-12 16:50:29.667 [main]LoggerLoad-Class page
[INFO ]2023-09-12 16:50:29.800 [main]LoggerLoad-Class page
[INFO ]2023-09-12 16:50:29.827 [main]LoggerLoad-Class page
[INFO ]2023-09-12 16:50:29.849 [main]LoggerLoad-Class page
[INFO ]2023-09-12 16:50:29.873 [main]LoggerLoad-Class page
[INFO ]2023-09-12 16:50:29.894 [main]LoggerLoad-Class page
[INFO ]2023-09-12 16:50:29.916 [main]LoggerLoad-Class page
[INFO ]2023-09-12 16:50:29.939 [main]LoggerLoad-Class page
[INFO ]2023-09-12 16:50:29.959 [main]LoggerLoad-Class page
[INFO ]2023-09-12 16:50:29.981 [main]LoggerLoad-Class page
[INFO ]2023-09-12 16:50:30.001 [main]LoggerLoad-Class page
[INFO ]2023-09-12 16:50:30.023 [main]LoggerLoad-Class page
[INFO ]2023-09-12 16:50:30.046 [main]LoggerLoad-Class page
[INFO ]2023-09-12 16:50:30.066 [main]LoggerLoad-Class page
[INFO ]2023-09-12 16:50:30.084 [main]LoggerLoad-Class page
[INFO ]2023-09-12 16:50:30.103 [main]LoggerLoad-Class page
[INFO ]2023-09-12 16:50:30.120 [main]LoggerLoad-Class page
[INFO ]2023-09-12 16:50:30.135 [main]LoggerLoad-Class page
[INFO ]2023-09-12 16:50:30.143 [main]LoggerLoad-Closing Driver
[INFO ]2023-09-12 17:00:51.680 [main]LoggerLoad-Loading Config file
[INFO ]2023-09-12 17:00:51.689 [main]LoggerLoad-Get Browser Type from Properties
[INFO ]2023-09-12 17:00:54.088 [main]LoggerLoad-Intializingchromedriver
[INFO ]2023-09-12 17:00:54.456 [main]LoggerLoad-Class page
[INFO ]2023-09-12 17:00:54.624 [main]LoggerLoad-Class page
[INFO ]2023-09-12 17:00:54.681 [main]LoggerLoad-Class page
[INFO ]2023-09-12 17:00:54.800 [main]LoggerLoad-Class page
[INFO ]2023-09-12 17:00:54.831 [main]LoggerLoad-Class page
[INFO ]2023-09-12 17:00:54.852 [main]LoggerLoad-Class page
[INFO ]2023-09-12 17:00:54.872 [main]LoggerLoad-Class page
[INFO ]2023-09-12 17:00:54.890 [main]LoggerLoad-Class page
[INFO ]2023-09-12 17:00:54.908 [main]LoggerLoad-Class page
[INFO ]2023-09-12 17:00:54.926 [main]LoggerLoad-Class page
[INFO ]2023-09-12 17:00:54.946 [main]LoggerLoad-Class page
[INFO ]2023-09-12 17:00:54.968 [main]LoggerLoad-Class page
[INFO ]2023-09-12 17:00:54.985 [main]LoggerLoad-Class page
[INFO ]2023-09-12 17:00:55.003 [main]LoggerLoad-Class page
[INFO ]2023-09-12 17:00:55.025 [main]LoggerLoad-Class page
[INFO ]2023-09-12 17:00:55.045 [main]LoggerLoad-Class page
[INFO ]2023-09-12 17:00:55.066 [main]LoggerLoad-Class page
[INFO ]2023-09-12 17:00:55.082 [main]LoggerLoad-Class page
[INFO ]2023-09-12 17:00:55.100 [main]LoggerLoad-Class page
[INFO ]2023-09-12 17:00:55.120 [main]LoggerLoad-Class page
[INFO ]2023-09-12 17:00:55.141 [main]LoggerLoad-Class page
[INFO ]2023-09-12 17:00:55.151 [main]LoggerLoad-Closing Driver
[INFO ]2023-09-12 17:01:49.944 [main]LoggerLoad-Loading Config file
[INFO ]2023-09-12 17:01:49.952 [main]LoggerLoad-Get Browser Type from Properties
[INFO ]2023-09-12 17:01:52.201 [main]LoggerLoad-Intializingchromedriver
[INFO ]2023-09-12 17:01:52.543 [main]LoggerLoad-Class page
[INFO ]2023-09-12 17:01:52.679 [main]LoggerLoad-Class page
[INFO ]2023-09-12 17:01:52.710 [main]LoggerLoad-Class page
[INFO ]2023-09-12 17:01:52.736 [main]LoggerLoad-Class page
[INFO ]2023-09-12 17:01:52.760 [main]LoggerLoad-Class page
[INFO ]2023-09-12 17:01:52.783 [main]LoggerLoad-Class page
[INFO ]2023-09-12 17:01:52.806 [main]LoggerLoad-Class page
[INFO ]2023-09-12 17:01:52.829 [main]LoggerLoad-Class page
[INFO ]2023-09-12 17:01:52.853 [main]LoggerLoad-Class page
[INFO ]2023-09-12 17:01:52.892 [main]LoggerLoad-Class page
[INFO ]2023-09-12 17:01:52.913 [main]LoggerLoad-Class page
[INFO ]2023-09-12 17:01:52.932 [main]LoggerLoad-Class page
[INFO ]2023-09-12 17:01:52.950 [main]LoggerLoad-Class page
[INFO ]2023-09-12 17:01:52.972 [main]LoggerLoad-Class page
[INFO ]2023-09-12 17:01:52.996 [main]LoggerLoad-Class page
[INFO ]2023-09-12 17:01:53.016 [main]LoggerLoad-Class page
[INFO ]2023-09-12 17:01:53.038 [main]LoggerLoad-Class page
[INFO ]2023-09-12 17:01:53.054 [main]LoggerLoad-Class page
[INFO ]2023-09-12 17:01:53.074 [main]LoggerLoad-Class page
[INFO ]2023-09-12 17:01:53.093 [main]LoggerLoad-Class page
[INFO ]2023-09-12 17:01:53.111 [main]LoggerLoad-Class page
[INFO ]2023-09-12 17:01:53.121 [main]LoggerLoad-Closing Driver
